<?xml version="1.0" encoding="UTF-8"?>
<testsuite xmlns:xsi="http://www.w3.org/2001/XMLSchema-instance" xsi:noNamespaceSchemaLocation="https://maven.apache.org/surefire/maven-surefire-plugin/xsd/surefire-test-report.xsd" name="website.tbd.developer.site.docs.tbdex.wallet.GetMatchedOfferingsTest" time="0.195" tests="3" errors="0" skipped="0" failures="0">
  <properties>
    <property name="java.specification.version" value="21"/>
    <property name="sun.jnu.encoding" value="UTF-8"/>
    <property name="java.class.path" value="/Users/ndejesus/code/developer.tbd.website/site/testsuites/testsuite-kotlin/target/test-classes:/Users/ndejesus/code/developer.tbd.website/site/testsuites/testsuite-kotlin/target/classes:/Users/ndejesus/.m2/repository/xyz/block/tbdex-httpclient/2.0.1/tbdex-httpclient-2.0.1.jar:/Users/ndejesus/.m2/repository/xyz/block/tbdex-httpserver/2.0.1/tbdex-httpserver-2.0.1.jar:/Users/ndejesus/.m2/repository/io/ktor/ktor-server-netty-jvm/2.3.7/ktor-server-netty-jvm-2.3.7.jar:/Users/ndejesus/.m2/repository/io/ktor/ktor-server-host-common-jvm/2.3.7/ktor-server-host-common-jvm-2.3.7.jar:/Users/ndejesus/.m2/repository/io/ktor/ktor-http-cio-jvm/2.3.7/ktor-http-cio-jvm-2.3.7.jar:/Users/ndejesus/.m2/repository/io/ktor/ktor-network-jvm/2.3.7/ktor-network-jvm-2.3.7.jar:/Users/ndejesus/.m2/repository/io/netty/netty-codec-http2/4.1.101.Final/netty-codec-http2-4.1.101.Final.jar:/Users/ndejesus/.m2/repository/io/netty/netty-common/4.1.101.Final/netty-common-4.1.101.Final.jar:/Users/ndejesus/.m2/repository/io/netty/netty-buffer/4.1.101.Final/netty-buffer-4.1.101.Final.jar:/Users/ndejesus/.m2/repository/io/netty/netty-transport/4.1.101.Final/netty-transport-4.1.101.Final.jar:/Users/ndejesus/.m2/repository/io/netty/netty-resolver/4.1.101.Final/netty-resolver-4.1.101.Final.jar:/Users/ndejesus/.m2/repository/io/netty/netty-codec/4.1.101.Final/netty-codec-4.1.101.Final.jar:/Users/ndejesus/.m2/repository/io/netty/netty-handler/4.1.101.Final/netty-handler-4.1.101.Final.jar:/Users/ndejesus/.m2/repository/io/netty/netty-codec-http/4.1.108.Final/netty-codec-http-4.1.108.Final.jar:/Users/ndejesus/.m2/repository/org/eclipse/jetty/alpn/alpn-api/1.1.3.v20160715/alpn-api-1.1.3.v20160715.jar:/Users/ndejesus/.m2/repository/io/netty/netty-transport-native-kqueue/4.1.101.Final/netty-transport-native-kqueue-4.1.101.Final.jar:/Users/ndejesus/.m2/repository/io/netty/netty-transport-native-unix-common/4.1.101.Final/netty-transport-native-unix-common-4.1.101.Final.jar:/Users/ndejesus/.m2/repository/io/netty/netty-transport-classes-kqueue/4.1.101.Final/netty-transport-classes-kqueue-4.1.101.Final.jar:/Users/ndejesus/.m2/repository/io/netty/netty-transport-native-epoll/4.1.101.Final/netty-transport-native-epoll-4.1.101.Final.jar:/Users/ndejesus/.m2/repository/io/netty/netty-transport-classes-epoll/4.1.101.Final/netty-transport-classes-epoll-4.1.101.Final.jar:/Users/ndejesus/.m2/repository/xyz/block/tbdex-protocol/2.0.1/tbdex-protocol-2.0.1.jar:/Users/ndejesus/.m2/repository/com/fasterxml/jackson/datatype/jackson-datatype-jsr310/2.17.0/jackson-datatype-jsr310-2.17.0.jar:/Users/ndejesus/.m2/repository/com/fasterxml/jackson/core/jackson-annotations/2.17.0/jackson-annotations-2.17.0.jar:/Users/ndejesus/.m2/repository/com/fasterxml/jackson/core/jackson-core/2.17.0/jackson-core-2.17.0.jar:/Users/ndejesus/.m2/repository/com/fasterxml/jackson/core/jackson-databind/2.17.0/jackson-databind-2.17.0.jar:/Users/ndejesus/.m2/repository/de/fxlae/typeid-java-jdk8/0.2.0/typeid-java-jdk8-0.2.0.jar:/Users/ndejesus/.m2/repository/com/fasterxml/uuid/java-uuid-generator/4.2.0/java-uuid-generator-4.2.0.jar:/Users/ndejesus/.m2/repository/xyz/block/web5-credentials/2.0.1/web5-credentials-2.0.1.jar:/Users/ndejesus/.m2/repository/com/danubetech/verifiable-credentials-java/1.6.0/verifiable-credentials-java-1.6.0.jar:/Users/ndejesus/.m2/repository/info/weboftrust/ld-signatures-java/1.5.0/ld-signatures-java-1.5.0.jar:/Users/ndejesus/.m2/repository/decentralized-identity/jsonld-common-java/1.5.0/jsonld-common-java-1.5.0.jar:/Users/ndejesus/.m2/repository/com/apicatalog/titanium-json-ld/1.3.2/titanium-json-ld-1.3.2.jar:/Users/ndejesus/.m2/repository/io/setl/rdf-urdna/1.2/rdf-urdna-1.2.jar:/Users/ndejesus/.m2/repository/org/glassfish/jakarta.json/2.0.0/jakarta.json-2.0.0.jar:/Users/ndejesus/.m2/repository/com/danubetech/key-formats-java/1.9.0/key-formats-java-1.9.0.jar:/Users/ndejesus/.m2/repository/org/bouncycastle/bcprov-jdk18on/1.78/bcprov-jdk18on-1.78.jar:/Users/ndejesus/.m2/repository/com/goterl/lazysodium-java/5.1.4/lazysodium-java-5.1.4.jar:/Users/ndejesus/.m2/repository/net/java/dev/jna/jna/5.12.1/jna-5.12.1.jar:/Users/ndejesus/.m2/repository/com/goterl/resource-loader/2.0.2/resource-loader-2.0.2.jar:/Users/ndejesus/.m2/repository/org/bitcoinj/bitcoinj-core/0.16.2/bitcoinj-core-0.16.2.jar:/Users/ndejesus/.m2/repository/com/google/guava/guava/32.0.0-android/guava-32.0.0-android.jar:/Users/ndejesus/.m2/repository/com/google/guava/failureaccess/1.0.1/failureaccess-1.0.1.jar:/Users/ndejesus/.m2/repository/com/google/guava/listenablefuture/9999.0-empty-to-avoid-conflict-with-guava/listenablefuture-9999.0-empty-to-avoid-conflict-with-guava.jar:/Users/ndejesus/.m2/repository/org/checkerframework/checker-qual/3.33.0/checker-qual-3.33.0.jar:/Users/ndejesus/.m2/repository/com/google/j2objc/j2objc-annotations/2.8/j2objc-annotations-2.8.jar:/Users/ndejesus/.m2/repository/com/google/protobuf/protobuf-javalite/3.19.6/protobuf-javalite-3.19.6.jar:/Users/ndejesus/.m2/repository/net/jcip/jcip-annotations/1.0/jcip-annotations-1.0.jar:/Users/ndejesus/.m2/repository/org/web3j/crypto/5.0.0/crypto-5.0.0.jar:/Users/ndejesus/.m2/repository/org/web3j/abi/5.0.0/abi-5.0.0.jar:/Users/ndejesus/.m2/repository/org/web3j/rlp/5.0.0/rlp-5.0.0.jar:/Users/ndejesus/.m2/repository/org/web3j/utils/5.0.0/utils-5.0.0.jar:/Users/ndejesus/.m2/repository/com/networknt/json-schema-validator/1.0.87/json-schema-validator-1.0.87.jar:/Users/ndejesus/.m2/repository/com/ethlo/time/itu/1.7.0/itu-1.7.0.jar:/Users/ndejesus/.m2/repository/com/fasterxml/jackson/dataformat/jackson-dataformat-yaml/2.17.0/jackson-dataformat-yaml-2.17.0.jar:/Users/ndejesus/.m2/repository/org/yaml/snakeyaml/2.2/snakeyaml-2.2.jar:/Users/ndejesus/.m2/repository/com/nfeld/jsonpathkt/jsonpathkt/2.0.1/jsonpathkt-2.0.1.jar:/Users/ndejesus/.m2/repository/io/ktor/ktor-client-core-jvm/2.3.7/ktor-client-core-jvm-2.3.7.jar:/Users/ndejesus/.m2/repository/io/ktor/ktor-websocket-serialization-jvm/2.3.7/ktor-websocket-serialization-jvm-2.3.7.jar:/Users/ndejesus/.m2/repository/org/jetbrains/kotlinx/kotlinx-coroutines-slf4j/1.7.1/kotlinx-coroutines-slf4j-1.7.1.jar:/Users/ndejesus/.m2/repository/io/ktor/ktor-client-logging-jvm/2.3.7/ktor-client-logging-jvm-2.3.7.jar:/Users/ndejesus/.m2/repository/io/ktor/ktor-client-okhttp-jvm/2.3.7/ktor-client-okhttp-jvm-2.3.7.jar:/Users/ndejesus/.m2/repository/io/ktor/ktor-client-content-negotiation-jvm/2.3.7/ktor-client-content-negotiation-jvm-2.3.7.jar:/Users/ndejesus/.m2/repository/io/ktor/ktor-serialization-jackson-jvm/2.3.7/ktor-serialization-jackson-jvm-2.3.7.jar:/Users/ndejesus/.m2/repository/io/ktor/ktor-serialization-kotlinx-json-jvm/2.3.7/ktor-serialization-kotlinx-json-jvm-2.3.7.jar:/Users/ndejesus/.m2/repository/io/ktor/ktor-serialization-kotlinx-jvm/2.3.7/ktor-serialization-kotlinx-jvm-2.3.7.jar:/Users/ndejesus/.m2/repository/org/jetbrains/kotlinx/kotlinx-serialization-core-jvm/1.5.1/kotlinx-serialization-core-jvm-1.5.1.jar:/Users/ndejesus/.m2/repository/org/jetbrains/kotlinx/kotlinx-serialization-json-jvm/1.5.1/kotlinx-serialization-json-jvm-1.5.1.jar:/Users/ndejesus/.m2/repository/xyz/block/web5-dids/2.0.1/web5-dids-2.0.1.jar:/Users/ndejesus/.m2/repository/com/github/multiformats/java-multibase/1.1.0/java-multibase-1.1.0.jar:/Users/ndejesus/.m2/repository/com/squareup/okhttp3/okhttp-dnsoverhttps/4.12.0/okhttp-dnsoverhttps-4.12.0.jar:/Users/ndejesus/.m2/repository/dnsjava/dnsjava/3.5.2/dnsjava-3.5.2.jar:/Users/ndejesus/.m2/repository/io/github/erdtman/java-json-canonicalization/1.1/java-json-canonicalization-1.1.jar:/Users/ndejesus/.m2/repository/io/github/oshai/kotlin-logging-jvm/6.0.2/kotlin-logging-jvm-6.0.2.jar:/Users/ndejesus/.m2/repository/org/apache/httpcomponents/httpcore/4.4.16/httpcore-4.4.16.jar:/Users/ndejesus/.m2/repository/xyz/block/web5-jose/2.0.1/web5-jose-2.0.1.jar:/Users/ndejesus/.m2/repository/xyz/block/web5-keymanager-aws/2.0.0/web5-keymanager-aws-2.0.0.jar:/Users/ndejesus/.m2/repository/xyz/block/web5-crypto/2.0.0/web5-crypto-2.0.0.jar:/Users/ndejesus/.m2/repository/xyz/block/web5-common/2.0.0/web5-common-2.0.0.jar:/Users/ndejesus/.m2/repository/com/nimbusds/nimbus-jose-jwt/9.37.2/nimbus-jose-jwt-9.37.2.jar:/Users/ndejesus/.m2/repository/com/github/stephenc/jcip/jcip-annotations/1.0-1/jcip-annotations-1.0-1.jar:/Users/ndejesus/.m2/repository/com/fasterxml/jackson/module/jackson-module-kotlin/2.17.0/jackson-module-kotlin-2.17.0.jar:/Users/ndejesus/.m2/repository/com/google/crypto/tink/tink/1.10.0/tink-1.10.0.jar:/Users/ndejesus/.m2/repository/com/google/code/findbugs/jsr305/3.0.2/jsr305-3.0.2.jar:/Users/ndejesus/.m2/repository/com/google/code/gson/gson/2.10.1/gson-2.10.1.jar:/Users/ndejesus/.m2/repository/com/google/errorprone/error_prone_annotations/2.18.0/error_prone_annotations-2.18.0.jar:/Users/ndejesus/.m2/repository/com/google/protobuf/protobuf-java/3.19.6/protobuf-java-3.19.6.jar:/Users/ndejesus/.m2/repository/org/bouncycastle/bcprov-jdk15to18/1.78/bcprov-jdk15to18-1.78.jar:/Users/ndejesus/.m2/repository/org/bouncycastle/bcpkix-jdk15to18/1.78/bcpkix-jdk15to18-1.78.jar:/Users/ndejesus/.m2/repository/org/bouncycastle/bcutil-jdk15to18/1.78/bcutil-jdk15to18-1.78.jar:/Users/ndejesus/.m2/repository/com/amazonaws/aws-java-sdk-kms/1.12.668/aws-java-sdk-kms-1.12.668.jar:/Users/ndejesus/.m2/repository/com/amazonaws/aws-java-sdk-core/1.12.668/aws-java-sdk-core-1.12.668.jar:/Users/ndejesus/.m2/repository/commons-logging/commons-logging/1.1.3/commons-logging-1.1.3.jar:/Users/ndejesus/.m2/repository/commons-codec/commons-codec/1.17.0/commons-codec-1.17.0.jar:/Users/ndejesus/.m2/repository/org/apache/httpcomponents/httpclient/4.5.13/httpclient-4.5.13.jar:/Users/ndejesus/.m2/repository/com/fasterxml/jackson/dataformat/jackson-dataformat-cbor/2.17.0/jackson-dataformat-cbor-2.17.0.jar:/Users/ndejesus/.m2/repository/joda-time/joda-time/2.8.1/joda-time-2.8.1.jar:/Users/ndejesus/.m2/repository/com/amazonaws/jmespath-java/1.12.668/jmespath-java-1.12.668.jar:/Users/ndejesus/.m2/repository/org/jetbrains/kotlin/kotlin-stdlib/1.9.22/kotlin-stdlib-1.9.22.jar:/Users/ndejesus/.m2/repository/org/jetbrains/annotations/13.0/annotations-13.0.jar:/Users/ndejesus/.m2/repository/org/assertj/assertj-core/3.25.2/assertj-core-3.25.2.jar:/Users/ndejesus/.m2/repository/net/bytebuddy/byte-buddy/1.14.11/byte-buddy-1.14.11.jar:/Users/ndejesus/.m2/repository/org/junit/jupiter/junit-jupiter-api/5.10.1/junit-jupiter-api-5.10.1.jar:/Users/ndejesus/.m2/repository/org/opentest4j/opentest4j/1.3.0/opentest4j-1.3.0.jar:/Users/ndejesus/.m2/repository/org/junit/platform/junit-platform-commons/1.10.1/junit-platform-commons-1.10.1.jar:/Users/ndejesus/.m2/repository/org/apiguardian/apiguardian-api/1.1.2/apiguardian-api-1.1.2.jar:/Users/ndejesus/.m2/repository/org/junit/jupiter/junit-jupiter-engine/5.10.1/junit-jupiter-engine-5.10.1.jar:/Users/ndejesus/.m2/repository/org/junit/platform/junit-platform-engine/1.10.1/junit-platform-engine-1.10.1.jar:/Users/ndejesus/.m2/repository/com/squareup/okhttp3/mockwebserver/4.11.0/mockwebserver-4.11.0.jar:/Users/ndejesus/.m2/repository/com/squareup/okhttp3/okhttp/4.11.0/okhttp-4.11.0.jar:/Users/ndejesus/.m2/repository/com/squareup/okio/okio/3.6.0/okio-3.6.0.jar:/Users/ndejesus/.m2/repository/com/squareup/okio/okio-jvm/3.6.0/okio-jvm-3.6.0.jar:/Users/ndejesus/.m2/repository/junit/junit/4.13/junit-4.13.jar:/Users/ndejesus/.m2/repository/org/hamcrest/hamcrest-core/1.3/hamcrest-core-1.3.jar:/Users/ndejesus/.m2/repository/org/jetbrains/kotlin/kotlin-stdlib-jdk8/1.9.22/kotlin-stdlib-jdk8-1.9.22.jar:/Users/ndejesus/.m2/repository/io/ktor/ktor-server-test-host/2.3.7/ktor-server-test-host-2.3.7.jar:/Users/ndejesus/.m2/repository/org/jetbrains/kotlinx/kotlinx-coroutines-core/1.7.1/kotlinx-coroutines-core-1.7.1.jar:/Users/ndejesus/.m2/repository/org/jetbrains/kotlin/kotlin-stdlib-common/1.9.22/kotlin-stdlib-common-1.9.22.jar:/Users/ndejesus/.m2/repository/org/jetbrains/kotlinx/atomicfu/0.19.0/atomicfu-0.19.0.jar:/Users/ndejesus/.m2/repository/org/jetbrains/kotlinx/atomicfu-jvm/0.19.0/atomicfu-jvm-0.19.0.jar:/Users/ndejesus/.m2/repository/io/ktor/ktor-server-host-common/2.3.7/ktor-server-host-common-2.3.7.jar:/Users/ndejesus/.m2/repository/io/ktor/ktor-http-cio/2.3.7/ktor-http-cio-2.3.7.jar:/Users/ndejesus/.m2/repository/io/ktor/ktor-websockets/2.3.7/ktor-websockets-2.3.7.jar:/Users/ndejesus/.m2/repository/io/ktor/ktor-server-core/2.3.7/ktor-server-core-2.3.7.jar:/Users/ndejesus/.m2/repository/io/ktor/ktor-utils/2.3.7/ktor-utils-2.3.7.jar:/Users/ndejesus/.m2/repository/io/ktor/ktor-io/2.3.7/ktor-io-2.3.7.jar:/Users/ndejesus/.m2/repository/io/ktor/ktor-http/2.3.7/ktor-http-2.3.7.jar:/Users/ndejesus/.m2/repository/io/ktor/ktor-serialization/2.3.7/ktor-serialization-2.3.7.jar:/Users/ndejesus/.m2/repository/io/ktor/ktor-events/2.3.7/ktor-events-2.3.7.jar:/Users/ndejesus/.m2/repository/org/jetbrains/kotlin/kotlin-reflect/1.9.22/kotlin-reflect-1.9.22.jar:/Users/ndejesus/.m2/repository/io/ktor/ktor-client-core/2.3.7/ktor-client-core-2.3.7.jar:/Users/ndejesus/.m2/repository/io/ktor/ktor-websocket-serialization/2.3.7/ktor-websocket-serialization-2.3.7.jar:/Users/ndejesus/.m2/repository/io/ktor/ktor-client-cio/2.3.7/ktor-client-cio-2.3.7.jar:/Users/ndejesus/.m2/repository/io/ktor/ktor-network-tls/2.3.7/ktor-network-tls-2.3.7.jar:/Users/ndejesus/.m2/repository/io/ktor/ktor-network/2.3.7/ktor-network-2.3.7.jar:/Users/ndejesus/.m2/repository/io/ktor/ktor-test-dispatcher/2.3.7/ktor-test-dispatcher-2.3.7.jar:/Users/ndejesus/.m2/repository/io/ktor/ktor-server-content-negotiation-jvm/2.3.7/ktor-server-content-negotiation-jvm-2.3.7.jar:/Users/ndejesus/.m2/repository/org/jetbrains/kotlin/kotlin-stdlib-jdk7/1.9.22/kotlin-stdlib-jdk7-1.9.22.jar:/Users/ndejesus/.m2/repository/org/jetbrains/kotlinx/kotlinx-coroutines-jdk8/1.7.1/kotlinx-coroutines-jdk8-1.7.1.jar:/Users/ndejesus/.m2/repository/org/slf4j/slf4j-api/1.7.36/slf4j-api-1.7.36.jar:/Users/ndejesus/.m2/repository/org/jetbrains/kotlinx/kotlinx-coroutines-core-jvm/1.7.1/kotlinx-coroutines-core-jvm-1.7.1.jar:/Users/ndejesus/.m2/repository/io/ktor/ktor-server-core-jvm/2.3.7/ktor-server-core-jvm-2.3.7.jar:/Users/ndejesus/.m2/repository/com/typesafe/config/1.4.2/config-1.4.2.jar:/Users/ndejesus/.m2/repository/io/ktor/ktor-utils-jvm/2.3.7/ktor-utils-jvm-2.3.7.jar:/Users/ndejesus/.m2/repository/io/ktor/ktor-io-jvm/2.3.7/ktor-io-jvm-2.3.7.jar:/Users/ndejesus/.m2/repository/io/ktor/ktor-http-jvm/2.3.7/ktor-http-jvm-2.3.7.jar:/Users/ndejesus/.m2/repository/io/ktor/ktor-serialization-jvm/2.3.7/ktor-serialization-jvm-2.3.7.jar:/Users/ndejesus/.m2/repository/io/ktor/ktor-websockets-jvm/2.3.7/ktor-websockets-jvm-2.3.7.jar:/Users/ndejesus/.m2/repository/io/ktor/ktor-events-jvm/2.3.7/ktor-events-jvm-2.3.7.jar:/Users/ndejesus/.m2/repository/org/fusesource/jansi/jansi/2.4.0/jansi-2.4.0.jar:"/>
    <property name="java.vm.vendor" value="Eclipse Adoptium"/>
    <property name="sun.arch.data.model" value="64"/>
    <property name="java.vendor.url" value="https://adoptium.net/"/>
    <property name="os.name" value="Mac OS X"/>
    <property name="java.vm.specification.version" value="21"/>
    <property name="sun.java.launcher" value="SUN_STANDARD"/>
    <property name="user.country" value="US"/>
    <property name="sun.boot.library.path" value="/Users/ndejesus/.sdkman/candidates/java/21.0.2-tem/lib"/>
    <property name="sun.java.command" value="/Users/ndejesus/code/developer.tbd.website/site/testsuites/testsuite-kotlin/target/surefire/surefirebooter17888264852049055180.jar /Users/ndejesus/code/developer.tbd.website/site/testsuites/testsuite-kotlin/target/surefire 2024-10-04T19-52-06_889-jvmRun1 surefire16654843738687704411tmp surefire_012746738315641739767tmp"/>
    <property name="jdk.debug" value="release"/>
    <property name="surefire.test.class.path" value="/Users/ndejesus/code/developer.tbd.website/site/testsuites/testsuite-kotlin/target/test-classes:/Users/ndejesus/code/developer.tbd.website/site/testsuites/testsuite-kotlin/target/classes:/Users/ndejesus/.m2/repository/xyz/block/tbdex-httpclient/2.0.1/tbdex-httpclient-2.0.1.jar:/Users/ndejesus/.m2/repository/xyz/block/tbdex-httpserver/2.0.1/tbdex-httpserver-2.0.1.jar:/Users/ndejesus/.m2/repository/io/ktor/ktor-server-netty-jvm/2.3.7/ktor-server-netty-jvm-2.3.7.jar:/Users/ndejesus/.m2/repository/io/ktor/ktor-server-host-common-jvm/2.3.7/ktor-server-host-common-jvm-2.3.7.jar:/Users/ndejesus/.m2/repository/io/ktor/ktor-http-cio-jvm/2.3.7/ktor-http-cio-jvm-2.3.7.jar:/Users/ndejesus/.m2/repository/io/ktor/ktor-network-jvm/2.3.7/ktor-network-jvm-2.3.7.jar:/Users/ndejesus/.m2/repository/io/netty/netty-codec-http2/4.1.101.Final/netty-codec-http2-4.1.101.Final.jar:/Users/ndejesus/.m2/repository/io/netty/netty-common/4.1.101.Final/netty-common-4.1.101.Final.jar:/Users/ndejesus/.m2/repository/io/netty/netty-buffer/4.1.101.Final/netty-buffer-4.1.101.Final.jar:/Users/ndejesus/.m2/repository/io/netty/netty-transport/4.1.101.Final/netty-transport-4.1.101.Final.jar:/Users/ndejesus/.m2/repository/io/netty/netty-resolver/4.1.101.Final/netty-resolver-4.1.101.Final.jar:/Users/ndejesus/.m2/repository/io/netty/netty-codec/4.1.101.Final/netty-codec-4.1.101.Final.jar:/Users/ndejesus/.m2/repository/io/netty/netty-handler/4.1.101.Final/netty-handler-4.1.101.Final.jar:/Users/ndejesus/.m2/repository/io/netty/netty-codec-http/4.1.108.Final/netty-codec-http-4.1.108.Final.jar:/Users/ndejesus/.m2/repository/org/eclipse/jetty/alpn/alpn-api/1.1.3.v20160715/alpn-api-1.1.3.v20160715.jar:/Users/ndejesus/.m2/repository/io/netty/netty-transport-native-kqueue/4.1.101.Final/netty-transport-native-kqueue-4.1.101.Final.jar:/Users/ndejesus/.m2/repository/io/netty/netty-transport-native-unix-common/4.1.101.Final/netty-transport-native-unix-common-4.1.101.Final.jar:/Users/ndejesus/.m2/repository/io/netty/netty-transport-classes-kqueue/4.1.101.Final/netty-transport-classes-kqueue-4.1.101.Final.jar:/Users/ndejesus/.m2/repository/io/netty/netty-transport-native-epoll/4.1.101.Final/netty-transport-native-epoll-4.1.101.Final.jar:/Users/ndejesus/.m2/repository/io/netty/netty-transport-classes-epoll/4.1.101.Final/netty-transport-classes-epoll-4.1.101.Final.jar:/Users/ndejesus/.m2/repository/xyz/block/tbdex-protocol/2.0.1/tbdex-protocol-2.0.1.jar:/Users/ndejesus/.m2/repository/com/fasterxml/jackson/datatype/jackson-datatype-jsr310/2.17.0/jackson-datatype-jsr310-2.17.0.jar:/Users/ndejesus/.m2/repository/com/fasterxml/jackson/core/jackson-annotations/2.17.0/jackson-annotations-2.17.0.jar:/Users/ndejesus/.m2/repository/com/fasterxml/jackson/core/jackson-core/2.17.0/jackson-core-2.17.0.jar:/Users/ndejesus/.m2/repository/com/fasterxml/jackson/core/jackson-databind/2.17.0/jackson-databind-2.17.0.jar:/Users/ndejesus/.m2/repository/de/fxlae/typeid-java-jdk8/0.2.0/typeid-java-jdk8-0.2.0.jar:/Users/ndejesus/.m2/repository/com/fasterxml/uuid/java-uuid-generator/4.2.0/java-uuid-generator-4.2.0.jar:/Users/ndejesus/.m2/repository/xyz/block/web5-credentials/2.0.1/web5-credentials-2.0.1.jar:/Users/ndejesus/.m2/repository/com/danubetech/verifiable-credentials-java/1.6.0/verifiable-credentials-java-1.6.0.jar:/Users/ndejesus/.m2/repository/info/weboftrust/ld-signatures-java/1.5.0/ld-signatures-java-1.5.0.jar:/Users/ndejesus/.m2/repository/decentralized-identity/jsonld-common-java/1.5.0/jsonld-common-java-1.5.0.jar:/Users/ndejesus/.m2/repository/com/apicatalog/titanium-json-ld/1.3.2/titanium-json-ld-1.3.2.jar:/Users/ndejesus/.m2/repository/io/setl/rdf-urdna/1.2/rdf-urdna-1.2.jar:/Users/ndejesus/.m2/repository/org/glassfish/jakarta.json/2.0.0/jakarta.json-2.0.0.jar:/Users/ndejesus/.m2/repository/com/danubetech/key-formats-java/1.9.0/key-formats-java-1.9.0.jar:/Users/ndejesus/.m2/repository/org/bouncycastle/bcprov-jdk18on/1.78/bcprov-jdk18on-1.78.jar:/Users/ndejesus/.m2/repository/com/goterl/lazysodium-java/5.1.4/lazysodium-java-5.1.4.jar:/Users/ndejesus/.m2/repository/net/java/dev/jna/jna/5.12.1/jna-5.12.1.jar:/Users/ndejesus/.m2/repository/com/goterl/resource-loader/2.0.2/resource-loader-2.0.2.jar:/Users/ndejesus/.m2/repository/org/bitcoinj/bitcoinj-core/0.16.2/bitcoinj-core-0.16.2.jar:/Users/ndejesus/.m2/repository/com/google/guava/guava/32.0.0-android/guava-32.0.0-android.jar:/Users/ndejesus/.m2/repository/com/google/guava/failureaccess/1.0.1/failureaccess-1.0.1.jar:/Users/ndejesus/.m2/repository/com/google/guava/listenablefuture/9999.0-empty-to-avoid-conflict-with-guava/listenablefuture-9999.0-empty-to-avoid-conflict-with-guava.jar:/Users/ndejesus/.m2/repository/org/checkerframework/checker-qual/3.33.0/checker-qual-3.33.0.jar:/Users/ndejesus/.m2/repository/com/google/j2objc/j2objc-annotations/2.8/j2objc-annotations-2.8.jar:/Users/ndejesus/.m2/repository/com/google/protobuf/protobuf-javalite/3.19.6/protobuf-javalite-3.19.6.jar:/Users/ndejesus/.m2/repository/net/jcip/jcip-annotations/1.0/jcip-annotations-1.0.jar:/Users/ndejesus/.m2/repository/org/web3j/crypto/5.0.0/crypto-5.0.0.jar:/Users/ndejesus/.m2/repository/org/web3j/abi/5.0.0/abi-5.0.0.jar:/Users/ndejesus/.m2/repository/org/web3j/rlp/5.0.0/rlp-5.0.0.jar:/Users/ndejesus/.m2/repository/org/web3j/utils/5.0.0/utils-5.0.0.jar:/Users/ndejesus/.m2/repository/com/networknt/json-schema-validator/1.0.87/json-schema-validator-1.0.87.jar:/Users/ndejesus/.m2/repository/com/ethlo/time/itu/1.7.0/itu-1.7.0.jar:/Users/ndejesus/.m2/repository/com/fasterxml/jackson/dataformat/jackson-dataformat-yaml/2.17.0/jackson-dataformat-yaml-2.17.0.jar:/Users/ndejesus/.m2/repository/org/yaml/snakeyaml/2.2/snakeyaml-2.2.jar:/Users/ndejesus/.m2/repository/com/nfeld/jsonpathkt/jsonpathkt/2.0.1/jsonpathkt-2.0.1.jar:/Users/ndejesus/.m2/repository/io/ktor/ktor-client-core-jvm/2.3.7/ktor-client-core-jvm-2.3.7.jar:/Users/ndejesus/.m2/repository/io/ktor/ktor-websocket-serialization-jvm/2.3.7/ktor-websocket-serialization-jvm-2.3.7.jar:/Users/ndejesus/.m2/repository/org/jetbrains/kotlinx/kotlinx-coroutines-slf4j/1.7.1/kotlinx-coroutines-slf4j-1.7.1.jar:/Users/ndejesus/.m2/repository/io/ktor/ktor-client-logging-jvm/2.3.7/ktor-client-logging-jvm-2.3.7.jar:/Users/ndejesus/.m2/repository/io/ktor/ktor-client-okhttp-jvm/2.3.7/ktor-client-okhttp-jvm-2.3.7.jar:/Users/ndejesus/.m2/repository/io/ktor/ktor-client-content-negotiation-jvm/2.3.7/ktor-client-content-negotiation-jvm-2.3.7.jar:/Users/ndejesus/.m2/repository/io/ktor/ktor-serialization-jackson-jvm/2.3.7/ktor-serialization-jackson-jvm-2.3.7.jar:/Users/ndejesus/.m2/repository/io/ktor/ktor-serialization-kotlinx-json-jvm/2.3.7/ktor-serialization-kotlinx-json-jvm-2.3.7.jar:/Users/ndejesus/.m2/repository/io/ktor/ktor-serialization-kotlinx-jvm/2.3.7/ktor-serialization-kotlinx-jvm-2.3.7.jar:/Users/ndejesus/.m2/repository/org/jetbrains/kotlinx/kotlinx-serialization-core-jvm/1.5.1/kotlinx-serialization-core-jvm-1.5.1.jar:/Users/ndejesus/.m2/repository/org/jetbrains/kotlinx/kotlinx-serialization-json-jvm/1.5.1/kotlinx-serialization-json-jvm-1.5.1.jar:/Users/ndejesus/.m2/repository/xyz/block/web5-dids/2.0.1/web5-dids-2.0.1.jar:/Users/ndejesus/.m2/repository/com/github/multiformats/java-multibase/1.1.0/java-multibase-1.1.0.jar:/Users/ndejesus/.m2/repository/com/squareup/okhttp3/okhttp-dnsoverhttps/4.12.0/okhttp-dnsoverhttps-4.12.0.jar:/Users/ndejesus/.m2/repository/dnsjava/dnsjava/3.5.2/dnsjava-3.5.2.jar:/Users/ndejesus/.m2/repository/io/github/erdtman/java-json-canonicalization/1.1/java-json-canonicalization-1.1.jar:/Users/ndejesus/.m2/repository/io/github/oshai/kotlin-logging-jvm/6.0.2/kotlin-logging-jvm-6.0.2.jar:/Users/ndejesus/.m2/repository/org/apache/httpcomponents/httpcore/4.4.16/httpcore-4.4.16.jar:/Users/ndejesus/.m2/repository/xyz/block/web5-jose/2.0.1/web5-jose-2.0.1.jar:/Users/ndejesus/.m2/repository/xyz/block/web5-keymanager-aws/2.0.0/web5-keymanager-aws-2.0.0.jar:/Users/ndejesus/.m2/repository/xyz/block/web5-crypto/2.0.0/web5-crypto-2.0.0.jar:/Users/ndejesus/.m2/repository/xyz/block/web5-common/2.0.0/web5-common-2.0.0.jar:/Users/ndejesus/.m2/repository/com/nimbusds/nimbus-jose-jwt/9.37.2/nimbus-jose-jwt-9.37.2.jar:/Users/ndejesus/.m2/repository/com/github/stephenc/jcip/jcip-annotations/1.0-1/jcip-annotations-1.0-1.jar:/Users/ndejesus/.m2/repository/com/fasterxml/jackson/module/jackson-module-kotlin/2.17.0/jackson-module-kotlin-2.17.0.jar:/Users/ndejesus/.m2/repository/com/google/crypto/tink/tink/1.10.0/tink-1.10.0.jar:/Users/ndejesus/.m2/repository/com/google/code/findbugs/jsr305/3.0.2/jsr305-3.0.2.jar:/Users/ndejesus/.m2/repository/com/google/code/gson/gson/2.10.1/gson-2.10.1.jar:/Users/ndejesus/.m2/repository/com/google/errorprone/error_prone_annotations/2.18.0/error_prone_annotations-2.18.0.jar:/Users/ndejesus/.m2/repository/com/google/protobuf/protobuf-java/3.19.6/protobuf-java-3.19.6.jar:/Users/ndejesus/.m2/repository/org/bouncycastle/bcprov-jdk15to18/1.78/bcprov-jdk15to18-1.78.jar:/Users/ndejesus/.m2/repository/org/bouncycastle/bcpkix-jdk15to18/1.78/bcpkix-jdk15to18-1.78.jar:/Users/ndejesus/.m2/repository/org/bouncycastle/bcutil-jdk15to18/1.78/bcutil-jdk15to18-1.78.jar:/Users/ndejesus/.m2/repository/com/amazonaws/aws-java-sdk-kms/1.12.668/aws-java-sdk-kms-1.12.668.jar:/Users/ndejesus/.m2/repository/com/amazonaws/aws-java-sdk-core/1.12.668/aws-java-sdk-core-1.12.668.jar:/Users/ndejesus/.m2/repository/commons-logging/commons-logging/1.1.3/commons-logging-1.1.3.jar:/Users/ndejesus/.m2/repository/commons-codec/commons-codec/1.17.0/commons-codec-1.17.0.jar:/Users/ndejesus/.m2/repository/org/apache/httpcomponents/httpclient/4.5.13/httpclient-4.5.13.jar:/Users/ndejesus/.m2/repository/com/fasterxml/jackson/dataformat/jackson-dataformat-cbor/2.17.0/jackson-dataformat-cbor-2.17.0.jar:/Users/ndejesus/.m2/repository/joda-time/joda-time/2.8.1/joda-time-2.8.1.jar:/Users/ndejesus/.m2/repository/com/amazonaws/jmespath-java/1.12.668/jmespath-java-1.12.668.jar:/Users/ndejesus/.m2/repository/org/jetbrains/kotlin/kotlin-stdlib/1.9.22/kotlin-stdlib-1.9.22.jar:/Users/ndejesus/.m2/repository/org/jetbrains/annotations/13.0/annotations-13.0.jar:/Users/ndejesus/.m2/repository/org/assertj/assertj-core/3.25.2/assertj-core-3.25.2.jar:/Users/ndejesus/.m2/repository/net/bytebuddy/byte-buddy/1.14.11/byte-buddy-1.14.11.jar:/Users/ndejesus/.m2/repository/org/junit/jupiter/junit-jupiter-api/5.10.1/junit-jupiter-api-5.10.1.jar:/Users/ndejesus/.m2/repository/org/opentest4j/opentest4j/1.3.0/opentest4j-1.3.0.jar:/Users/ndejesus/.m2/repository/org/junit/platform/junit-platform-commons/1.10.1/junit-platform-commons-1.10.1.jar:/Users/ndejesus/.m2/repository/org/apiguardian/apiguardian-api/1.1.2/apiguardian-api-1.1.2.jar:/Users/ndejesus/.m2/repository/org/junit/jupiter/junit-jupiter-engine/5.10.1/junit-jupiter-engine-5.10.1.jar:/Users/ndejesus/.m2/repository/org/junit/platform/junit-platform-engine/1.10.1/junit-platform-engine-1.10.1.jar:/Users/ndejesus/.m2/repository/com/squareup/okhttp3/mockwebserver/4.11.0/mockwebserver-4.11.0.jar:/Users/ndejesus/.m2/repository/com/squareup/okhttp3/okhttp/4.11.0/okhttp-4.11.0.jar:/Users/ndejesus/.m2/repository/com/squareup/okio/okio/3.6.0/okio-3.6.0.jar:/Users/ndejesus/.m2/repository/com/squareup/okio/okio-jvm/3.6.0/okio-jvm-3.6.0.jar:/Users/ndejesus/.m2/repository/junit/junit/4.13/junit-4.13.jar:/Users/ndejesus/.m2/repository/org/hamcrest/hamcrest-core/1.3/hamcrest-core-1.3.jar:/Users/ndejesus/.m2/repository/org/jetbrains/kotlin/kotlin-stdlib-jdk8/1.9.22/kotlin-stdlib-jdk8-1.9.22.jar:/Users/ndejesus/.m2/repository/io/ktor/ktor-server-test-host/2.3.7/ktor-server-test-host-2.3.7.jar:/Users/ndejesus/.m2/repository/org/jetbrains/kotlinx/kotlinx-coroutines-core/1.7.1/kotlinx-coroutines-core-1.7.1.jar:/Users/ndejesus/.m2/repository/org/jetbrains/kotlin/kotlin-stdlib-common/1.9.22/kotlin-stdlib-common-1.9.22.jar:/Users/ndejesus/.m2/repository/org/jetbrains/kotlinx/atomicfu/0.19.0/atomicfu-0.19.0.jar:/Users/ndejesus/.m2/repository/org/jetbrains/kotlinx/atomicfu-jvm/0.19.0/atomicfu-jvm-0.19.0.jar:/Users/ndejesus/.m2/repository/io/ktor/ktor-server-host-common/2.3.7/ktor-server-host-common-2.3.7.jar:/Users/ndejesus/.m2/repository/io/ktor/ktor-http-cio/2.3.7/ktor-http-cio-2.3.7.jar:/Users/ndejesus/.m2/repository/io/ktor/ktor-websockets/2.3.7/ktor-websockets-2.3.7.jar:/Users/ndejesus/.m2/repository/io/ktor/ktor-server-core/2.3.7/ktor-server-core-2.3.7.jar:/Users/ndejesus/.m2/repository/io/ktor/ktor-utils/2.3.7/ktor-utils-2.3.7.jar:/Users/ndejesus/.m2/repository/io/ktor/ktor-io/2.3.7/ktor-io-2.3.7.jar:/Users/ndejesus/.m2/repository/io/ktor/ktor-http/2.3.7/ktor-http-2.3.7.jar:/Users/ndejesus/.m2/repository/io/ktor/ktor-serialization/2.3.7/ktor-serialization-2.3.7.jar:/Users/ndejesus/.m2/repository/io/ktor/ktor-events/2.3.7/ktor-events-2.3.7.jar:/Users/ndejesus/.m2/repository/org/jetbrains/kotlin/kotlin-reflect/1.9.22/kotlin-reflect-1.9.22.jar:/Users/ndejesus/.m2/repository/io/ktor/ktor-client-core/2.3.7/ktor-client-core-2.3.7.jar:/Users/ndejesus/.m2/repository/io/ktor/ktor-websocket-serialization/2.3.7/ktor-websocket-serialization-2.3.7.jar:/Users/ndejesus/.m2/repository/io/ktor/ktor-client-cio/2.3.7/ktor-client-cio-2.3.7.jar:/Users/ndejesus/.m2/repository/io/ktor/ktor-network-tls/2.3.7/ktor-network-tls-2.3.7.jar:/Users/ndejesus/.m2/repository/io/ktor/ktor-network/2.3.7/ktor-network-2.3.7.jar:/Users/ndejesus/.m2/repository/io/ktor/ktor-test-dispatcher/2.3.7/ktor-test-dispatcher-2.3.7.jar:/Users/ndejesus/.m2/repository/io/ktor/ktor-server-content-negotiation-jvm/2.3.7/ktor-server-content-negotiation-jvm-2.3.7.jar:/Users/ndejesus/.m2/repository/org/jetbrains/kotlin/kotlin-stdlib-jdk7/1.9.22/kotlin-stdlib-jdk7-1.9.22.jar:/Users/ndejesus/.m2/repository/org/jetbrains/kotlinx/kotlinx-coroutines-jdk8/1.7.1/kotlinx-coroutines-jdk8-1.7.1.jar:/Users/ndejesus/.m2/repository/org/slf4j/slf4j-api/1.7.36/slf4j-api-1.7.36.jar:/Users/ndejesus/.m2/repository/org/jetbrains/kotlinx/kotlinx-coroutines-core-jvm/1.7.1/kotlinx-coroutines-core-jvm-1.7.1.jar:/Users/ndejesus/.m2/repository/io/ktor/ktor-server-core-jvm/2.3.7/ktor-server-core-jvm-2.3.7.jar:/Users/ndejesus/.m2/repository/com/typesafe/config/1.4.2/config-1.4.2.jar:/Users/ndejesus/.m2/repository/io/ktor/ktor-utils-jvm/2.3.7/ktor-utils-jvm-2.3.7.jar:/Users/ndejesus/.m2/repository/io/ktor/ktor-io-jvm/2.3.7/ktor-io-jvm-2.3.7.jar:/Users/ndejesus/.m2/repository/io/ktor/ktor-http-jvm/2.3.7/ktor-http-jvm-2.3.7.jar:/Users/ndejesus/.m2/repository/io/ktor/ktor-serialization-jvm/2.3.7/ktor-serialization-jvm-2.3.7.jar:/Users/ndejesus/.m2/repository/io/ktor/ktor-websockets-jvm/2.3.7/ktor-websockets-jvm-2.3.7.jar:/Users/ndejesus/.m2/repository/io/ktor/ktor-events-jvm/2.3.7/ktor-events-jvm-2.3.7.jar:/Users/ndejesus/.m2/repository/org/fusesource/jansi/jansi/2.4.0/jansi-2.4.0.jar:"/>
    <property name="sun.cpu.endian" value="little"/>
    <property name="user.home" value="/Users/ndejesus"/>
    <property name="user.language" value="en"/>
    <property name="java.specification.vendor" value="Oracle Corporation"/>
    <property name="java.version.date" value="2024-01-16"/>
    <property name="java.home" value="/Users/ndejesus/.sdkman/candidates/java/21.0.2-tem"/>
    <property name="file.separator" value="/"/>
    <property name="basedir" value="/Users/ndejesus/code/developer.tbd.website/site/testsuites/testsuite-kotlin"/>
    <property name="java.vm.compressedOopsMode" value="Zero based"/>
    <property name="line.separator" value="&#10;"/>
    <property name="java.specification.name" value="Java Platform API Specification"/>
    <property name="java.vm.specification.vendor" value="Oracle Corporation"/>
    <property name="apple.awt.application.name" value="ForkedBooter"/>
    <property name="surefire.real.class.path" value="/Users/ndejesus/code/developer.tbd.website/site/testsuites/testsuite-kotlin/target/surefire/surefirebooter17888264852049055180.jar"/>
    <property name="sun.management.compiler" value="HotSpot 64-Bit Tiered Compilers"/>
    <property name="java.runtime.version" value="21.0.2+13-LTS"/>
    <property name="user.name" value="ndejesus"/>
    <property name="stdout.encoding" value="UTF-8"/>
    <property name="path.separator" value=":"/>
    <property name="os.version" value="14.6.1"/>
    <property name="java.runtime.name" value="OpenJDK Runtime Environment"/>
    <property name="file.encoding" value="UTF-8"/>
    <property name="java.vm.name" value="OpenJDK 64-Bit Server VM"/>
    <property name="java.vendor.version" value="Temurin-21.0.2+13"/>
    <property name="localRepository" value="/Users/ndejesus/.m2/repository"/>
    <property name="java.vendor.url.bug" value="https://github.com/adoptium/adoptium-support/issues"/>
    <property name="java.io.tmpdir" value="/var/folders/7x/l_96bg9d4dq8292bymywql3w0000gn/T/"/>
    <property name="java.version" value="21.0.2"/>
    <property name="user.dir" value="/Users/ndejesus/code/developer.tbd.website/site/testsuites/testsuite-kotlin"/>
    <property name="os.arch" value="aarch64"/>
    <property name="java.vm.specification.name" value="Java Virtual Machine Specification"/>
    <property name="native.encoding" value="UTF-8"/>
    <property name="java.library.path" value="/Users/ndejesus/Library/Java/Extensions:/Library/Java/Extensions:/Network/Library/Java/Extensions:/System/Library/Java/Extensions:/usr/lib/java:."/>
    <property name="java.vm.info" value="mixed mode"/>
    <property name="stderr.encoding" value="UTF-8"/>
    <property name="java.vendor" value="Eclipse Adoptium"/>
    <property name="java.vm.version" value="21.0.2+13-LTS"/>
    <property name="sun.io.unicode.encoding" value="UnicodeBig"/>
    <property name="java.class.version" value="65.0"/>
  </properties>
  <testcase name="presentation definition is correctly extracted from offering" classname="website.tbd.developer.site.docs.tbdex.wallet.GetMatchedOfferingsTest" time="0.009"/>
  <testcase name="selects credentials based on required claims from offering" classname="website.tbd.developer.site.docs.tbdex.wallet.GetMatchedOfferingsTest" time="0.003"/>
  <testcase name="match offerings with specific criteria" classname="website.tbd.developer.site.docs.tbdex.wallet.GetMatchedOfferingsTest" time="0.181"/>
</testsuite>